TN:
SF:__tests__\helpers\httpHelper.js
FN:3,HttpHelper
FN:7,Object.<anonymous>.HttpHelper.get
FN:17,Object.<anonymous>.HttpHelper.post
FNF:3
FNH:1
FNDA:1,HttpHelper
FNDA:0,Object.<anonymous>.HttpHelper.get
FNDA:0,Object.<anonymous>.HttpHelper.post
DA:1,1
DA:2,1
DA:3,1
DA:4,1
DA:5,1
DA:6,1
DA:7,1
DA:8,0
DA:9,0
DA:10,0
DA:11,0
DA:12,0
DA:13,0
DA:14,0
DA:15,0
DA:16,1
DA:17,1
DA:18,0
DA:19,0
DA:20,0
DA:21,0
DA:22,0
DA:23,0
DA:24,0
DA:25,0
DA:26,0
DA:27,0
DA:28,0
DA:29,0
DA:30,1
DA:31,1
LF:31
LH:11
BRDA:3,0,0,1
BRF:1
BRH:1
end_of_record
